c:\users\climd\desktop\personal projects\desertscene\desertscene\x64\debug\vc143.pdb
c:\users\climd\desktop\personal projects\desertscene\desertscene\x64\debug\vc143.idb
c:\users\climd\desktop\personal projects\desertscene\desertscene\x64\debug\main (3).obj
c:\users\climd\desktop\personal projects\desertscene\desertscene\x64\debug\tiny_obj_loader.obj
c:\users\climd\desktop\personal projects\desertscene\desertscene\x64\debug\stb_image.obj
c:\users\climd\desktop\personal projects\desertscene\desertscene\x64\debug\shader.obj
c:\users\climd\desktop\personal projects\desertscene\desertscene\x64\debug\model3d.obj
c:\users\climd\desktop\personal projects\desertscene\desertscene\x64\debug\mesh.obj
c:\users\climd\desktop\personal projects\desertscene\desertscene\x64\debug\camera.obj
c:\users\climd\desktop\personal projects\desertscene\x64\debug\desertscene.exe
c:\users\climd\desktop\personal projects\desertscene\x64\debug\desertscene.pdb
c:\users\climd\desktop\personal projects\desertscene\desertscene\x64\debug\desertscene.ilk
c:\users\climd\desktop\personal projects\desertscene\desertscene\x64\debug\desertscene.tlog\cl.command.1.tlog
c:\users\climd\desktop\personal projects\desertscene\desertscene\x64\debug\desertscene.tlog\cl.items.tlog
c:\users\climd\desktop\personal projects\desertscene\desertscene\x64\debug\desertscene.tlog\cl.read.1.tlog
c:\users\climd\desktop\personal projects\desertscene\desertscene\x64\debug\desertscene.tlog\cl.write.1.tlog
c:\users\climd\desktop\personal projects\desertscene\desertscene\x64\debug\desertscene.tlog\link.command.1.tlog
c:\users\climd\desktop\personal projects\desertscene\desertscene\x64\debug\desertscene.tlog\link.read.1.tlog
c:\users\climd\desktop\personal projects\desertscene\desertscene\x64\debug\desertscene.tlog\link.secondary.1.tlog
c:\users\climd\desktop\personal projects\desertscene\desertscene\x64\debug\desertscene.tlog\link.write.1.tlog
